Performing C SOURCE FILE Test CMAKE_HAVE_LIBC_PTHREAD failed with the following output:
Change Dir: /home/allan/CLionProjects/410_proj4_SKELETON/cmake-build-debug/CMakeFiles/CMakeTmp

Run Build Command(s):/usr/bin/make cmTC_dca21/fast && /usr/bin/make -f CMakeFiles/cmTC_dca21.dir/build.make CMakeFiles/cmTC_dca21.dir/build
make[1]: Entering directory '/home/allan/CLionProjects/410_proj4_SKELETON/cmake-build-debug/CMakeFiles/CMakeTmp'
Building C object CMakeFiles/cmTC_dca21.dir/src.c.o
/usr/bin/cc   -DCMAKE_HAVE_LIBC_PTHREAD   -o CMakeFiles/cmTC_dca21.dir/src.c.o   -c /home/allan/CLionProjects/410_proj4_SKELETON/cmake-build-debug/CMakeFiles/CMakeTmp/src.c
Linking C executable cmTC_dca21
/snap/clion/111/bin/cmake/linux/bin/cmake -E cmake_link_script CMakeFiles/cmTC_dca21.dir/link.txt --verbose=1
/usr/bin/cc  -DCMAKE_HAVE_LIBC_PTHREAD    CMakeFiles/cmTC_dca21.dir/src.c.o  -o cmTC_dca21 
/usr/bin/ld: CMakeFiles/cmTC_dca21.dir/src.c.o: in function `main':
src.c:(.text+0x46): undefined reference to `pthread_create'
/usr/bin/ld: src.c:(.text+0x52): undefined reference to `pthread_detach'
/usr/bin/ld: src.c:(.text+0x63): undefined reference to `pthread_join'
collect2: error: ld returned 1 exit status
make[1]: *** [CMakeFiles/cmTC_dca21.dir/build.make:87: cmTC_dca21] Error 1
make[1]: Leaving directory '/home/allan/CLionProjects/410_proj4_SKELETON/cmake-build-debug/CMakeFiles/CMakeTmp'
make: *** [Makefile:121: cmTC_dca21/fast] Error 2


Source file was:
#include <pthread.h>

void* test_func(void* data)
{
  return data;
}

int main(void)
{
  pthread_t thread;
  pthread_create(&thread, NULL, test_func, NULL);
  pthread_detach(thread);
  pthread_join(thread, NULL);
  pthread_atfork(NULL, NULL, NULL);
  pthread_exit(NULL);

  return 0;
}

